\BOOKMARK [1][-]{section.1}{Optical Pumping Description \(OPT\)}{}% 1
\BOOKMARK [1][-]{section.2}{Before the first day of Lab}{}% 2
\BOOKMARK [1][-]{section*.2}{References}{}% 3
\BOOKMARK [1][-]{section.3}{Objectives}{}% 4
\BOOKMARK [1][-]{section.4}{Introduction}{}% 5
\BOOKMARK [1][-]{section.5}{Preparation Before The Lab}{}% 6
\BOOKMARK [2][-]{subsection.5.1}{Definitions}{section.5}% 7
\BOOKMARK [1][-]{section.6}{Experimental Procedure}{}% 8
\BOOKMARK [1][-]{section.7}{DS345 generator}{}% 9
\BOOKMARK [1][-]{section.8}{The Effect of Temperature on Signal Strength}{}% 10
\BOOKMARK [1][-]{section.9}{Finding Resonance}{}% 11
\BOOKMARK [2][-]{subsection.9.1}{Using the Function Generator to Find Resonance}{section.9}% 12
\BOOKMARK [2][-]{subsection.9.2}{Using the Helmholtz Coils to Induce a Modulating Frequency to Find Resonance}{section.9}% 13
\BOOKMARK [2][-]{subsection.9.3}{Once you have a good understanding of what is going on, here are some things to explore}{section.9}% 14
\BOOKMARK [1][-]{section.10}{Analysis}{}% 15
\BOOKMARK [2][-]{subsection.10.1}{Data Analysis}{section.10}% 16
\BOOKMARK [3][-]{subsubsection.10.1.1}{Overview}{subsection.10.1}% 17
\BOOKMARK [3][-]{subsubsection.10.1.2}{Nuclear Spins}{subsection.10.1}% 18
\BOOKMARK [3][-]{subsubsection.10.1.3}{Earth's Magnetic Field}{subsection.10.1}% 19
\BOOKMARK [3][-]{subsubsection.10.1.4}{Errors in the Field}{subsection.10.1}% 20
\BOOKMARK [1][-]{section.11}{Notes and advice from Prof. Budker}{}% 21
\BOOKMARK [1][-]{section*.7}{References}{}% 22
